<?xml version="1.0" encoding="UTF-8"?>
<!-- Generated by org.testng.reporters.JUnitReportReporter -->
<testsuite skipped="1" hostname="LENOVO" name="com.crm.qa.testcases.ContactsPageTest" tests="2" failures="0" timestamp="17 Mar 2018 15:21:44 GMT" time="30.243" errors="0">
  <testcase name="validateCreateNewContact" time="28.450" classname="com.crm.qa.testcases.ContactsPageTest">
    <skipped/>
  </testcase> <!-- validateCreateNewContact -->
  <testcase name="verifyContactsPageLabel" time="1.793" classname="com.crm.qa.testcases.ContactsPageTest"/>
</testsuite> <!-- com.crm.qa.testcases.ContactsPageTest -->
