<?xml version="1.0" encoding="UTF-8"?>
<!-- Generated by org.testng.reporters.JUnitReportReporter -->
<testsuite skipped="0" hostname="LENOVO" name="com.crm.qa.testcases.LoginPageTest" tests="3" failures="0" timestamp="17 Mar 2018 15:25:25 GMT" time="35.242" errors="0">
  <testcase name="loginPageTitleTest" time="9.582" classname="com.crm.qa.testcases.LoginPageTest"/>
  <testcase name="crmLogoImageTest" time="8.740" classname="com.crm.qa.testcases.LoginPageTest"/>
  <testcase name="loginTest" time="16.920" classname="com.crm.qa.testcases.LoginPageTest"/>
</testsuite> <!-- com.crm.qa.testcases.LoginPageTest -->
