<?xml version="1.0" encoding="UTF-8"?>
<!-- Generated by org.testng.reporters.JUnitReportReporter -->
<testsuite skipped="0" hostname="LENOVO" name="com.crm.qa.testcases.HomePageTest" tests="3" failures="0" timestamp="17 Mar 2018 19:49:18 GMT" time="52.410" errors="0">
  <testcase name="verifyHomePageTitle" time="21.834" classname="com.crm.qa.testcases.HomePageTest"/>
  <testcase name="verifyUserNameTest" time="15.836" classname="com.crm.qa.testcases.HomePageTest"/>
  <testcase name="verifyContactsLinkTest" time="14.740" classname="com.crm.qa.testcases.HomePageTest"/>
</testsuite> <!-- com.crm.qa.testcases.HomePageTest -->
