<?xml version="1.0" encoding="UTF-8"?>
<!-- Generated by org.testng.reporters.JUnitReportReporter -->
<testsuite skipped="0" hostname="LENOVO" name="com.crm.qa.testcases.LoginPageTest" tests="3" failures="0" timestamp="17 Mar 2018 19:49:18 GMT" time="35.851" errors="0">
  <testcase name="loginPageTitleTest" time="9.880" classname="com.crm.qa.testcases.LoginPageTest"/>
  <testcase name="crmLogoImageTest" time="10.531" classname="com.crm.qa.testcases.LoginPageTest"/>
  <testcase name="loginTest" time="15.440" classname="com.crm.qa.testcases.LoginPageTest"/>
</testsuite> <!-- com.crm.qa.testcases.LoginPageTest -->
