<?xml version="1.0" encoding="UTF-8"?>
<!-- Generated by org.testng.reporters.JUnitReportReporter -->
<testsuite skipped="1" hostname="LENOVO" name="com.crm.qa.testcases.ContactsPageTest" tests="2" failures="0" timestamp="20 May 2018 10:55:04 GMT" time="27.911" errors="0">
  <testcase name="validateCreateNewContact" time="26.664" classname="com.crm.qa.testcases.ContactsPageTest">
    <skipped/>
  </testcase> <!-- validateCreateNewContact -->
  <testcase name="verifyContactsPageLabel" time="1.247" classname="com.crm.qa.testcases.ContactsPageTest"/>
</testsuite> <!-- com.crm.qa.testcases.ContactsPageTest -->
